0 info it worked if it ends with ok
1 verbose cli [ '/usr/bin/node', '/usr/bin/npm', 'install', 'node-dht-sensor' ]
2 info using npm@3.10.10
3 info using node@v6.13.0
4 silly loadCurrentTree Starting
5 silly install loadCurrentTree
6 silly install readLocalPackageData
7 silly fetchPackageMetaData node-dht-sensor
8 silly fetchNamedPackageData node-dht-sensor
9 silly mapToRegistry name node-dht-sensor
10 silly mapToRegistry using default registry
11 silly mapToRegistry registry https://registry.npmjs.org/
12 silly mapToRegistry data Result {
12 silly mapToRegistry   raw: 'node-dht-sensor',
12 silly mapToRegistry   scope: null,
12 silly mapToRegistry   escapedName: 'node-dht-sensor',
12 silly mapToRegistry   name: 'node-dht-sensor',
12 silly mapToRegistry   rawSpec: '',
12 silly mapToRegistry   spec: 'latest',
12 silly mapToRegistry   type: 'tag' }
13 silly mapToRegistry uri https://registry.npmjs.org/node-dht-sensor
14 verbose request uri https://registry.npmjs.org/node-dht-sensor
15 verbose request no auth needed
16 info attempt registry request try #1 at 5:13:58 PM
17 verbose request id 011829ff60f14418
18 http request GET https://registry.npmjs.org/node-dht-sensor
19 http 200 https://registry.npmjs.org/node-dht-sensor
20 verbose headers { 'content-type': 'application/json; charset=UTF-8',
20 verbose headers   server: 'UploadServer',
20 verbose headers   'cache-control': 'max-age=300',
20 verbose headers   'last-modified': 'Thu, 15 Feb 2018 1:12:22 GMT',
20 verbose headers   etag: '"5a84de76-95c6"',
20 verbose headers   'x-npm-region': 'EU-West',
20 verbose headers   'content-encoding': 'gzip',
20 verbose headers   'content-length': '6418',
20 verbose headers   'accept-ranges': 'bytes',
20 verbose headers   date: 'Wed, 07 Mar 2018 17:14:04 GMT',
20 verbose headers   via: '1.1 varnish',
20 verbose headers   age: '0',
20 verbose headers   connection: 'keep-alive',
20 verbose headers   'x-served-by': 'cache-lcy19248-LCY',
20 verbose headers   'x-cache': 'MISS',
20 verbose headers   'x-cache-hits': '0',
20 verbose headers   'x-timer': 'S1520442844.919507,VS0,VE224',
20 verbose headers   vary: 'Accept-Encoding, Accept' }
21 silly get cb [ 200,
21 silly get   { 'content-type': 'application/json; charset=UTF-8',
21 silly get     server: 'UploadServer',
21 silly get     'cache-control': 'max-age=300',
21 silly get     'last-modified': 'Thu, 15 Feb 2018 1:12:22 GMT',
21 silly get     etag: '"5a84de76-95c6"',
21 silly get     'x-npm-region': 'EU-West',
21 silly get     'content-encoding': 'gzip',
21 silly get     'content-length': '6418',
21 silly get     'accept-ranges': 'bytes',
21 silly get     date: 'Wed, 07 Mar 2018 17:14:04 GMT',
21 silly get     via: '1.1 varnish',
21 silly get     age: '0',
21 silly get     connection: 'keep-alive',
21 silly get     'x-served-by': 'cache-lcy19248-LCY',
21 silly get     'x-cache': 'MISS',
21 silly get     'x-cache-hits': '0',
21 silly get     'x-timer': 'S1520442844.919507,VS0,VE224',
21 silly get     vary: 'Accept-Encoding, Accept' } ]
22 verbose get saving node-dht-sensor to /home/arran/.npm/registry.npmjs.org/node-dht-sensor/.cache.json
23 verbose correctMkdir /home/arran/.npm correctMkdir not in flight; initializing
24 verbose makeDirectory /home/arran/.npm creation not in flight; initializing
25 silly makeDirectory /home/arran/.npm uid: 1000 gid: 1000
26 silly install normalizeTree
27 silly loadCurrentTree Finishing
28 silly loadIdealTree Starting
29 silly install loadIdealTree
30 silly cloneCurrentTree Starting
31 silly install cloneCurrentTreeToIdealTree
32 silly cloneCurrentTree Finishing
33 silly loadShrinkwrap Starting
34 silly install loadShrinkwrap
35 silly loadShrinkwrap Finishing
36 silly loadAllDepsIntoIdealTree Starting
37 silly install loadAllDepsIntoIdealTree
38 silly resolveWithNewModule node-dht-sensor@0.0.34 checking installable status
39 silly cache add args [ 'node-dht-sensor', null ]
40 verbose cache add spec node-dht-sensor
41 silly cache add parsed spec Result {
41 silly cache add   raw: 'node-dht-sensor',
41 silly cache add   scope: null,
41 silly cache add   escapedName: 'node-dht-sensor',
41 silly cache add   name: 'node-dht-sensor',
41 silly cache add   rawSpec: '',
41 silly cache add   spec: 'latest',
41 silly cache add   type: 'tag' }
42 silly addNamed node-dht-sensor@latest
43 verbose addNamed "latest" is being treated as a dist-tag for node-dht-sensor
44 info addNameTag [ 'node-dht-sensor', 'latest' ]
45 silly mapToRegistry name node-dht-sensor
46 silly mapToRegistry using default registry
47 silly mapToRegistry registry https://registry.npmjs.org/
48 silly mapToRegistry data Result {
48 silly mapToRegistry   raw: 'node-dht-sensor',
48 silly mapToRegistry   scope: null,
48 silly mapToRegistry   escapedName: 'node-dht-sensor',
48 silly mapToRegistry   name: 'node-dht-sensor',
48 silly mapToRegistry   rawSpec: '',
48 silly mapToRegistry   spec: 'latest',
48 silly mapToRegistry   type: 'tag' }
49 silly mapToRegistry uri https://registry.npmjs.org/node-dht-sensor
50 verbose addNameTag registry:https://registry.npmjs.org/node-dht-sensor not in flight; fetching
51 verbose get https://registry.npmjs.org/node-dht-sensor not expired, no request
52 silly addNameTag next cb for node-dht-sensor with tag latest
53 silly addNamed node-dht-sensor@0.0.34
54 verbose addNamed "0.0.34" is a plain semver version for node-dht-sensor
55 silly mapToRegistry name node-dht-sensor
56 silly mapToRegistry using default registry
57 silly mapToRegistry registry https://registry.npmjs.org/
58 silly mapToRegistry data Result {
58 silly mapToRegistry   raw: 'node-dht-sensor',
58 silly mapToRegistry   scope: null,
58 silly mapToRegistry   escapedName: 'node-dht-sensor',
58 silly mapToRegistry   name: 'node-dht-sensor',
58 silly mapToRegistry   rawSpec: '',
58 silly mapToRegistry   spec: 'latest',
58 silly mapToRegistry   type: 'tag' }
59 silly mapToRegistry uri https://registry.npmjs.org/node-dht-sensor
60 verbose addRemoteTarball https://registry.npmjs.org/node-dht-sensor/-/node-dht-sensor-0.0.34.tgz not in flight; adding
61 verbose addRemoteTarball [ 'https://registry.npmjs.org/node-dht-sensor/-/node-dht-sensor-0.0.34.tgz',
61 verbose addRemoteTarball   'b8776eaf4c057075500596fed4374e963e5ac820' ]
62 info retry fetch attempt 1 at 5:14:02 PM
63 info attempt registry request try #1 at 5:14:02 PM
64 http fetch GET https://registry.npmjs.org/node-dht-sensor/-/node-dht-sensor-0.0.34.tgz
65 http fetch 200 https://registry.npmjs.org/node-dht-sensor/-/node-dht-sensor-0.0.34.tgz
66 silly fetchAndShaCheck shasum b8776eaf4c057075500596fed4374e963e5ac820
67 verbose addTmpTarball /tmp/npm-29-3ea01efd/registry.npmjs.org/node-dht-sensor/-/node-dht-sensor-0.0.34.tgz not in flight; adding
68 verbose addTmpTarball already have metadata; skipping unpack for node-dht-sensor@0.0.34
69 verbose correctMkdir /home/arran/.npm correctMkdir not in flight; initializing
70 silly cache afterAdd node-dht-sensor@0.0.34
71 verbose afterAdd /home/arran/.npm/node-dht-sensor/0.0.34/package/package.json not in flight; writing
72 verbose correctMkdir /home/arran/.npm correctMkdir not in flight; initializing
73 verbose afterAdd /home/arran/.npm/node-dht-sensor/0.0.34/package/package.json written
74 silly fetchNamedPackageData nan
75 silly mapToRegistry name nan
76 silly mapToRegistry using default registry
77 silly mapToRegistry registry https://registry.npmjs.org/
78 silly mapToRegistry data Result {
78 silly mapToRegistry   raw: 'nan',
78 silly mapToRegistry   scope: null,
78 silly mapToRegistry   escapedName: 'nan',
78 silly mapToRegistry   name: 'nan',
78 silly mapToRegistry   rawSpec: '',
78 silly mapToRegistry   spec: 'latest',
78 silly mapToRegistry   type: 'tag' }
79 silly mapToRegistry uri https://registry.npmjs.org/nan
80 verbose request uri https://registry.npmjs.org/nan
81 verbose request no auth needed
82 info attempt registry request try #1 at 5:14:03 PM
83 http request GET https://registry.npmjs.org/nan
84 http 200 https://registry.npmjs.org/nan
85 verbose headers { 'content-type': 'application/json; charset=UTF-8',
85 verbose headers   server: 'UploadServer',
85 verbose headers   'cache-control': 'max-age=300',
85 verbose headers   'last-modified': 'Thu, 22 Feb 2018 23:34:18 GMT',
85 verbose headers   etag: '"5a8f537a-221e5"',
85 verbose headers   'x-npm-region': 'EU-West',
85 verbose headers   'content-encoding': 'gzip',
85 verbose headers   'content-length': '16736',
85 verbose headers   'accept-ranges': 'bytes',
85 verbose headers   date: 'Wed, 07 Mar 2018 17:14:04 GMT',
85 verbose headers   via: '1.1 varnish',
85 verbose headers   age: '4516',
85 verbose headers   connection: 'keep-alive',
85 verbose headers   'x-served-by': 'cache-lcy19248-LCY',
85 verbose headers   'x-cache': 'HIT',
85 verbose headers   'x-cache-hits': '69',
85 verbose headers   'x-timer': 'S1520442845.510942,VS0,VE0',
85 verbose headers   vary: 'Accept-Encoding, Accept' }
86 silly get cb [ 200,
86 silly get   { 'content-type': 'application/json; charset=UTF-8',
86 silly get     server: 'UploadServer',
86 silly get     'cache-control': 'max-age=300',
86 silly get     'last-modified': 'Thu, 22 Feb 2018 23:34:18 GMT',
86 silly get     etag: '"5a8f537a-221e5"',
86 silly get     'x-npm-region': 'EU-West',
86 silly get     'content-encoding': 'gzip',
86 silly get     'content-length': '16736',
86 silly get     'accept-ranges': 'bytes',
86 silly get     date: 'Wed, 07 Mar 2018 17:14:04 GMT',
86 silly get     via: '1.1 varnish',
86 silly get     age: '4516',
86 silly get     connection: 'keep-alive',
86 silly get     'x-served-by': 'cache-lcy19248-LCY',
86 silly get     'x-cache': 'HIT',
86 silly get     'x-cache-hits': '69',
86 silly get     'x-timer': 'S1520442845.510942,VS0,VE0',
86 silly get     vary: 'Accept-Encoding, Accept' } ]
87 verbose get saving nan to /home/arran/.npm/registry.npmjs.org/nan/.cache.json
88 verbose correctMkdir /home/arran/.npm correctMkdir not in flight; initializing
89 silly resolveWithNewModule nan@2.8.0 checking installable status
90 silly cache add args [ 'nan@2.8.0', null ]
91 verbose cache add spec nan@2.8.0
92 silly cache add parsed spec Result {
92 silly cache add   raw: 'nan@2.8.0',
92 silly cache add   scope: null,
92 silly cache add   escapedName: 'nan',
92 silly cache add   name: 'nan',
92 silly cache add   rawSpec: '2.8.0',
92 silly cache add   spec: '2.8.0',
92 silly cache add   type: 'version' }
93 silly addNamed nan@2.8.0
94 verbose addNamed "2.8.0" is a plain semver version for nan
95 silly mapToRegistry name nan
96 silly mapToRegistry using default registry
97 silly mapToRegistry registry https://registry.npmjs.org/
98 silly mapToRegistry data Result {
98 silly mapToRegistry   raw: 'nan',
98 silly mapToRegistry   scope: null,
98 silly mapToRegistry   escapedName: 'nan',
98 silly mapToRegistry   name: 'nan',
98 silly mapToRegistry   rawSpec: '',
98 silly mapToRegistry   spec: 'latest',
98 silly mapToRegistry   type: 'tag' }
99 silly mapToRegistry uri https://registry.npmjs.org/nan
100 verbose addNameVersion registry:https://registry.npmjs.org/nan not in flight; fetching
101 verbose get https://registry.npmjs.org/nan not expired, no request
102 silly mapToRegistry name nan
103 silly mapToRegistry using default registry
104 silly mapToRegistry registry https://registry.npmjs.org/
105 silly mapToRegistry data Result {
105 silly mapToRegistry   raw: 'nan',
105 silly mapToRegistry   scope: null,
105 silly mapToRegistry   escapedName: 'nan',
105 silly mapToRegistry   name: 'nan',
105 silly mapToRegistry   rawSpec: '',
105 silly mapToRegistry   spec: 'latest',
105 silly mapToRegistry   type: 'tag' }
106 silly mapToRegistry uri https://registry.npmjs.org/nan
107 verbose addRemoteTarball https://registry.npmjs.org/nan/-/nan-2.8.0.tgz not in flight; adding
108 verbose addRemoteTarball [ 'https://registry.npmjs.org/nan/-/nan-2.8.0.tgz',
108 verbose addRemoteTarball   'ed715f3fe9de02b57a5e6252d90a96675e1f085a' ]
109 info retry fetch attempt 1 at 5:14:03 PM
110 info attempt registry request try #1 at 5:14:03 PM
111 http fetch GET https://registry.npmjs.org/nan/-/nan-2.8.0.tgz
112 http fetch 200 https://registry.npmjs.org/nan/-/nan-2.8.0.tgz
113 silly fetchAndShaCheck shasum ed715f3fe9de02b57a5e6252d90a96675e1f085a
114 verbose addTmpTarball /tmp/npm-29-3ea01efd/registry.npmjs.org/nan/-/nan-2.8.0.tgz not in flight; adding
115 verbose addTmpTarball already have metadata; skipping unpack for nan@2.8.0
116 verbose correctMkdir /home/arran/.npm correctMkdir not in flight; initializing
117 silly cache afterAdd nan@2.8.0
118 verbose afterAdd /home/arran/.npm/nan/2.8.0/package/package.json not in flight; writing
119 verbose correctMkdir /home/arran/.npm correctMkdir not in flight; initializing
120 verbose afterAdd /home/arran/.npm/nan/2.8.0/package/package.json written
121 silly loadAllDepsIntoIdealTree Finishing
122 silly loadIdealTree Finishing
123 silly currentTree home-model-server@1.0.0
123 silly currentTree └── wiring-pi@2.2.1
124 silly idealTree home-model-server@1.0.0
124 silly idealTree ├── nan@2.8.0
124 silly idealTree ├── node-dht-sensor@0.0.34
124 silly idealTree └── wiring-pi@2.2.1
125 silly generateActionsToTake Starting
126 silly install generateActionsToTake
127 silly generateActionsToTake Finishing
128 silly diffTrees action count 2
129 silly diffTrees add nan@2.8.0
130 silly diffTrees add node-dht-sensor@0.0.34
131 silly decomposeActions action count 16
132 silly decomposeActions fetch nan@2.8.0
133 silly decomposeActions extract nan@2.8.0
134 silly decomposeActions test nan@2.8.0
135 silly decomposeActions preinstall nan@2.8.0
136 silly decomposeActions build nan@2.8.0
137 silly decomposeActions install nan@2.8.0
138 silly decomposeActions postinstall nan@2.8.0
139 silly decomposeActions finalize nan@2.8.0
140 silly decomposeActions fetch node-dht-sensor@0.0.34
141 silly decomposeActions extract node-dht-sensor@0.0.34
142 silly decomposeActions test node-dht-sensor@0.0.34
143 silly decomposeActions preinstall node-dht-sensor@0.0.34
144 silly decomposeActions build node-dht-sensor@0.0.34
145 silly decomposeActions install node-dht-sensor@0.0.34
146 silly decomposeActions postinstall node-dht-sensor@0.0.34
147 silly decomposeActions finalize node-dht-sensor@0.0.34
148 silly runTopLevelLifecycles Starting
149 silly executeActions Starting
150 silly install executeActions
151 silly doSerial global-install 0
152 silly doParallel fetch 2
153 verbose correctMkdir /home/arran/.npm/_locks correctMkdir not in flight; initializing
154 verbose makeDirectory /home/arran/.npm/_locks creation not in flight; initializing
155 silly makeDirectory /home/arran/.npm/_locks uid: 1000 gid: 1000
156 verbose lock using /home/arran/.npm/_locks/staging-aa1ec6c5ec8d222a.lock for /mnt/c/Users/Arran/Desktop/server/node_modules/.staging
157 silly doParallel extract 2
158 silly extract nan@2.8.0
159 silly extract node-dht-sensor@0.0.34
160 verbose unbuild node_modules/.staging/nan-bb9bcb52
161 verbose unbuild node_modules/.staging/node-dht-sensor-0c5d8235
162 silly gentlyRm /mnt/c/Users/Arran/Desktop/server/node_modules/.staging/nan-bb9bcb52 is being purged from base /mnt/c/Users/Arran/Desktop/server
163 verbose gentlyRm don't care about contents; nuking /mnt/c/Users/Arran/Desktop/server/node_modules/.staging/nan-bb9bcb52
164 verbose tar unpack /home/arran/.npm/nan/2.8.0/package.tgz
165 verbose tar unpacking to /mnt/c/Users/Arran/Desktop/server/node_modules/.staging/nan-bb9bcb52
166 silly gentlyRm /mnt/c/Users/Arran/Desktop/server/node_modules/.staging/nan-bb9bcb52 is being purged
167 verbose gentlyRm don't care about contents; nuking /mnt/c/Users/Arran/Desktop/server/node_modules/.staging/nan-bb9bcb52
168 silly gentlyRm /mnt/c/Users/Arran/Desktop/server/node_modules/.staging/node-dht-sensor-0c5d8235 is being purged from base /mnt/c/Users/Arran/Desktop/server
169 verbose gentlyRm don't care about contents; nuking /mnt/c/Users/Arran/Desktop/server/node_modules/.staging/node-dht-sensor-0c5d8235
170 silly gunzTarPerm modes [ '777', '666' ]
171 verbose tar unpack /home/arran/.npm/node-dht-sensor/0.0.34/package.tgz
172 verbose tar unpacking to /mnt/c/Users/Arran/Desktop/server/node_modules/.staging/node-dht-sensor-0c5d8235
173 silly gentlyRm /mnt/c/Users/Arran/Desktop/server/node_modules/.staging/node-dht-sensor-0c5d8235 is being purged
174 verbose gentlyRm don't care about contents; nuking /mnt/c/Users/Arran/Desktop/server/node_modules/.staging/node-dht-sensor-0c5d8235
175 silly gunzTarPerm modes [ '777', '666' ]
176 silly gunzTarPerm extractEntry package.json
177 silly gunzTarPerm modified mode [ 'package.json', 436, 438 ]
178 silly gunzTarPerm extractEntry package.json
179 silly gunzTarPerm modified mode [ 'package.json', 493, 511 ]
180 silly gunzTarPerm extractEntry README.md
181 silly gunzTarPerm modified mode [ 'README.md', 436, 438 ]
182 silly gunzTarPerm extractEntry include_dirs.js
183 silly gunzTarPerm modified mode [ 'include_dirs.js', 436, 438 ]
184 silly gunzTarPerm extractEntry binding.gyp
185 silly gunzTarPerm modified mode [ 'binding.gyp', 493, 511 ]
186 silly gunzTarPerm extractEntry check-lib.sh
187 silly gunzTarPerm modified mode [ 'check-lib.sh', 493, 511 ]
188 silly gunzTarPerm extractEntry dht-sensor.cpp
189 silly gunzTarPerm modified mode [ 'dht-sensor.cpp', 493, 511 ]
190 silly gunzTarPerm extractEntry dht-sensor.h
191 silly gunzTarPerm modified mode [ 'dht-sensor.h', 493, 511 ]
192 silly gunzTarPerm extractEntry nan_converters_43_inl.h
193 silly gunzTarPerm modified mode [ 'nan_converters_43_inl.h', 436, 438 ]
194 silly gunzTarPerm extractEntry LICENSE.md
195 silly gunzTarPerm modified mode [ 'LICENSE.md', 436, 438 ]
196 silly gunzTarPerm extractEntry doc/new.md
197 silly gunzTarPerm modified mode [ 'doc/new.md', 436, 438 ]
198 silly gunzTarPerm extractEntry doc/asyncworker.md
199 silly gunzTarPerm modified mode [ 'doc/asyncworker.md', 436, 438 ]
200 silly gunzTarPerm extractEntry LICENSE
201 silly gunzTarPerm modified mode [ 'LICENSE', 420, 438 ]
202 silly gunzTarPerm extractEntry node-dht-sensor.cpp
203 silly gunzTarPerm modified mode [ 'node-dht-sensor.cpp', 493, 511 ]
204 silly gunzTarPerm extractEntry README.md
205 silly gunzTarPerm modified mode [ 'README.md', 493, 511 ]
206 silly gunzTarPerm extractEntry test/async-explicit.js
207 silly gunzTarPerm modified mode [ 'test/async-explicit.js', 493, 511 ]
208 silly gunzTarPerm extractEntry test/duty.js
209 silly gunzTarPerm modified mode [ 'test/duty.js', 493, 511 ]
210 silly gunzTarPerm extractEntry test/sync-explicit.js
211 silly gunzTarPerm modified mode [ 'test/sync-explicit.js', 493, 511 ]
212 silly gunzTarPerm extractEntry test/sync-implicit.js
213 silly gunzTarPerm modified mode [ 'test/sync-implicit.js', 493, 511 ]
214 silly gunzTarPerm extractEntry doc/callback.md
215 silly gunzTarPerm modified mode [ 'doc/callback.md', 436, 438 ]
216 silly gunzTarPerm extractEntry doc/converters.md
217 silly gunzTarPerm modified mode [ 'doc/converters.md', 436, 438 ]
218 silly gunzTarPerm extractEntry doc/errors.md
219 silly gunzTarPerm modified mode [ 'doc/errors.md', 436, 438 ]
220 silly gunzTarPerm extractEntry doc/json.md
221 silly gunzTarPerm modified mode [ 'doc/json.md', 436, 438 ]
222 silly gunzTarPerm extractEntry doc/maybe_types.md
223 silly gunzTarPerm modified mode [ 'doc/maybe_types.md', 436, 438 ]
224 silly gunzTarPerm extractEntry doc/methods.md
225 silly gunzTarPerm modified mode [ 'doc/methods.md', 436, 438 ]
226 silly gunzTarPerm extractEntry doc/buffers.md
227 silly gunzTarPerm modified mode [ 'doc/buffers.md', 436, 438 ]
228 silly gunzTarPerm extractEntry doc/node_misc.md
229 silly gunzTarPerm modified mode [ 'doc/node_misc.md', 436, 438 ]
230 silly gunzTarPerm extractEntry doc/object_wrappers.md
231 silly gunzTarPerm modified mode [ 'doc/object_wrappers.md', 436, 438 ]
232 silly gunzTarPerm extractEntry doc/persistent.md
233 silly gunzTarPerm modified mode [ 'doc/persistent.md', 436, 438 ]
234 silly gunzTarPerm extractEntry doc/scopes.md
235 silly gunzTarPerm modified mode [ 'doc/scopes.md', 436, 438 ]
236 silly gunzTarPerm extractEntry doc/script.md
237 silly gunzTarPerm modified mode [ 'doc/script.md', 436, 438 ]
238 silly gunzTarPerm extractEntry doc/string_bytes.md
239 silly gunzTarPerm modified mode [ 'doc/string_bytes.md', 436, 438 ]
240 silly gunzTarPerm extractEntry doc/v8_internals.md
241 silly gunzTarPerm modified mode [ 'doc/v8_internals.md', 436, 438 ]
242 silly gunzTarPerm extractEntry doc/v8_misc.md
243 silly gunzTarPerm modified mode [ 'doc/v8_misc.md', 436, 438 ]
244 silly gunzTarPerm extractEntry nan.h
245 silly gunzTarPerm modified mode [ 'nan.h', 436, 438 ]
246 silly gunzTarPerm extractEntry nan_callbacks.h
247 silly gunzTarPerm modified mode [ 'nan_callbacks.h', 436, 438 ]
248 silly gunzTarPerm extractEntry nan_callbacks_12_inl.h
249 silly gunzTarPerm modified mode [ 'nan_callbacks_12_inl.h', 436, 438 ]
250 silly gunzTarPerm extractEntry nan_callbacks_pre_12_inl.h
251 silly gunzTarPerm modified mode [ 'nan_callbacks_pre_12_inl.h', 436, 438 ]
252 silly gunzTarPerm extractEntry nan_converters.h
253 silly gunzTarPerm modified mode [ 'nan_converters.h', 436, 438 ]
254 silly gunzTarPerm extractEntry nan_converters_pre_43_inl.h
255 silly gunzTarPerm modified mode [ 'nan_converters_pre_43_inl.h', 436, 438 ]
256 silly gentlyRm /mnt/c/Users/Arran/Desktop/server/node_modules/.staging/node-dht-sensor-0c5d8235/node_modules is being purged
257 verbose gentlyRm don't care about contents; nuking /mnt/c/Users/Arran/Desktop/server/node_modules/.staging/node-dht-sensor-0c5d8235/node_modules
258 silly gunzTarPerm extractEntry nan_implementation_12_inl.h
259 silly gunzTarPerm modified mode [ 'nan_implementation_12_inl.h', 436, 438 ]
260 silly gunzTarPerm extractEntry nan_implementation_pre_12_inl.h
261 silly gunzTarPerm modified mode [ 'nan_implementation_pre_12_inl.h', 436, 438 ]
262 silly gunzTarPerm extractEntry nan_json.h
263 silly gunzTarPerm modified mode [ 'nan_json.h', 436, 438 ]
264 silly gunzTarPerm extractEntry nan_maybe_43_inl.h
265 silly gunzTarPerm modified mode [ 'nan_maybe_43_inl.h', 436, 438 ]
266 silly gunzTarPerm extractEntry nan_maybe_pre_43_inl.h
267 silly gunzTarPerm modified mode [ 'nan_maybe_pre_43_inl.h', 436, 438 ]
268 silly gunzTarPerm extractEntry nan_new.h
269 silly gunzTarPerm modified mode [ 'nan_new.h', 436, 438 ]
270 silly gunzTarPerm extractEntry nan_object_wrap.h
271 silly gunzTarPerm modified mode [ 'nan_object_wrap.h', 436, 438 ]
272 silly gunzTarPerm extractEntry nan_persistent_12_inl.h
273 silly gunzTarPerm modified mode [ 'nan_persistent_12_inl.h', 436, 438 ]
274 silly gunzTarPerm extractEntry nan_persistent_pre_12_inl.h
275 silly gunzTarPerm modified mode [ 'nan_persistent_pre_12_inl.h', 436, 438 ]
276 silly gunzTarPerm extractEntry nan_private.h
277 silly gunzTarPerm modified mode [ 'nan_private.h', 436, 438 ]
278 silly gunzTarPerm extractEntry nan_string_bytes.h
279 silly gunzTarPerm modified mode [ 'nan_string_bytes.h', 436, 438 ]
280 silly gunzTarPerm extractEntry nan_typedarray_contents.h
281 silly gunzTarPerm modified mode [ 'nan_typedarray_contents.h', 436, 438 ]
282 silly gunzTarPerm extractEntry nan_weak.h
283 silly gunzTarPerm modified mode [ 'nan_weak.h', 436, 438 ]
284 silly gunzTarPerm extractEntry CHANGELOG.md
285 silly gunzTarPerm modified mode [ 'CHANGELOG.md', 436, 438 ]
286 silly gunzTarPerm extractEntry tools/package.json
287 silly gunzTarPerm modified mode [ 'tools/package.json', 436, 438 ]
288 silly gunzTarPerm extractEntry tools/README.md
289 silly gunzTarPerm modified mode [ 'tools/README.md', 436, 438 ]
290 silly gunzTarPerm extractEntry tools/1to2.js
291 silly gunzTarPerm modified mode [ 'tools/1to2.js', 509, 511 ]
292 silly gentlyRm /mnt/c/Users/Arran/Desktop/server/node_modules/.staging/nan-bb9bcb52/node_modules is being purged
293 verbose gentlyRm don't care about contents; nuking /mnt/c/Users/Arran/Desktop/server/node_modules/.staging/nan-bb9bcb52/node_modules
294 silly doParallel preinstall 2
295 silly preinstall nan@2.8.0 /mnt/c/Users/Arran/Desktop/server/node_modules/.staging/nan-bb9bcb52
296 info lifecycle nan@2.8.0~preinstall: nan@2.8.0
297 silly preinstall node-dht-sensor@0.0.34 /mnt/c/Users/Arran/Desktop/server/node_modules/.staging/node-dht-sensor-0c5d8235
298 info lifecycle node-dht-sensor@0.0.34~preinstall: node-dht-sensor@0.0.34
299 silly lifecycle nan@2.8.0~preinstall: no script for preinstall, continuing
300 verbose lifecycle node-dht-sensor@0.0.34~preinstall: unsafe-perm in lifecycle true
301 verbose lifecycle node-dht-sensor@0.0.34~preinstall: PATH: /usr/lib/node_modules/npm/bin/node-gyp-bin:/mnt/c/Users/Arran/Desktop/server/node_modules/.staging/node-dht-sensor-0c5d8235/node_modules/.bin:/mnt/c/Users/Arran/Desktop/server/node_modules/.bin:/home/arran/bin:/home/arran/.local/bin:/usr/local/sbin:/usr/local/bin:/usr/sbin:/usr/bin:/sbin:/bin:/usr/games:/usr/local/games:/mnt/c/Windows/System32:/mnt/c/Windows:/mnt/c/Windows/System32/wbem:/mnt/c/Windows/System32/WindowsPowerShell/v1.0:/mnt/c/Program Files (x86)/NVIDIA Corporation/PhysX/Common:/mnt/c/Windows/System32:/mnt/c/Windows:/mnt/c/Windows/System32/wbem:/mnt/c/Windows/System32/WindowsPowerShell/v1.0:/mnt/c/Program Files/nodejs:/mnt/c/Program Files/Git/cmd:/mnt/c/Program Files/PuTTY:/mnt/c/Program Files (x86)/Microsoft SQL Server/Client SDK/ODBC/130/Tools/Binn:/mnt/c/Program Files (x86)/Microsoft SQL Server/140/Tools/Binn:/mnt/c/Program Files (x86)/Microsoft SQL Server/140/DTS/Binn:/mnt/c/Program Files (x86)/Microsoft SQL Server/140/Tools/Binn/ManagementStudio:/mnt/c/Ruby25-x64/bin:/mnt/c/Users/Arran/AppData/Local/Microsoft/WindowsApps:/mnt/c/Users/Arran/AppData/Roaming/npm:/mnt/c/Users/Arran/AppData/Local/Programs/MiKTeX 2.9/miktex/bin/x64:/snap/bin
302 verbose lifecycle node-dht-sensor@0.0.34~preinstall: CWD: /mnt/c/Users/Arran/Desktop/server/node_modules/.staging/node-dht-sensor-0c5d8235
303 silly lifecycle node-dht-sensor@0.0.34~preinstall: Args: [ '-c', './check-lib.sh' ]
304 silly lifecycle node-dht-sensor@0.0.34~preinstall: Returned: code: 0  signal: null
305 silly doReverseSerial remove 0
306 silly doSerial move 0
307 silly doSerial finalize 2
308 silly finalize /mnt/c/Users/Arran/Desktop/server/node_modules/nan
309 silly finalize /mnt/c/Users/Arran/Desktop/server/node_modules/node-dht-sensor
310 silly doSerial build 2
311 silly build nan@2.8.0
312 info linkStuff nan@2.8.0
313 silly linkStuff nan@2.8.0 has /mnt/c/Users/Arran/Desktop/server/node_modules as its parent node_modules
314 verbose linkBins nan@2.8.0
315 verbose linkMans nan@2.8.0
316 silly build node-dht-sensor@0.0.34
317 info linkStuff node-dht-sensor@0.0.34
318 silly linkStuff node-dht-sensor@0.0.34 has /mnt/c/Users/Arran/Desktop/server/node_modules as its parent node_modules
319 verbose linkBins node-dht-sensor@0.0.34
320 verbose linkMans node-dht-sensor@0.0.34
321 silly doSerial global-link 0
322 silly doParallel update-linked 0
323 silly doSerial install 2
324 silly install nan@2.8.0 /mnt/c/Users/Arran/Desktop/server/node_modules/.staging/nan-bb9bcb52
325 info lifecycle nan@2.8.0~install: nan@2.8.0
326 silly lifecycle nan@2.8.0~install: no script for install, continuing
327 silly install node-dht-sensor@0.0.34 /mnt/c/Users/Arran/Desktop/server/node_modules/.staging/node-dht-sensor-0c5d8235
328 info lifecycle node-dht-sensor@0.0.34~install: node-dht-sensor@0.0.34
329 verbose lifecycle node-dht-sensor@0.0.34~install: unsafe-perm in lifecycle true
330 verbose lifecycle node-dht-sensor@0.0.34~install: PATH: /usr/lib/node_modules/npm/bin/node-gyp-bin:/mnt/c/Users/Arran/Desktop/server/node_modules/node-dht-sensor/node_modules/.bin:/mnt/c/Users/Arran/Desktop/server/node_modules/.bin:/home/arran/bin:/home/arran/.local/bin:/usr/local/sbin:/usr/local/bin:/usr/sbin:/usr/bin:/sbin:/bin:/usr/games:/usr/local/games:/mnt/c/Windows/System32:/mnt/c/Windows:/mnt/c/Windows/System32/wbem:/mnt/c/Windows/System32/WindowsPowerShell/v1.0:/mnt/c/Program Files (x86)/NVIDIA Corporation/PhysX/Common:/mnt/c/Windows/System32:/mnt/c/Windows:/mnt/c/Windows/System32/wbem:/mnt/c/Windows/System32/WindowsPowerShell/v1.0:/mnt/c/Program Files/nodejs:/mnt/c/Program Files/Git/cmd:/mnt/c/Program Files/PuTTY:/mnt/c/Program Files (x86)/Microsoft SQL Server/Client SDK/ODBC/130/Tools/Binn:/mnt/c/Program Files (x86)/Microsoft SQL Server/140/Tools/Binn:/mnt/c/Program Files (x86)/Microsoft SQL Server/140/DTS/Binn:/mnt/c/Program Files (x86)/Microsoft SQL Server/140/Tools/Binn/ManagementStudio:/mnt/c/Ruby25-x64/bin:/mnt/c/Users/Arran/AppData/Local/Microsoft/WindowsApps:/mnt/c/Users/Arran/AppData/Roaming/npm:/mnt/c/Users/Arran/AppData/Local/Programs/MiKTeX 2.9/miktex/bin/x64:/snap/bin
331 verbose lifecycle node-dht-sensor@0.0.34~install: CWD: /mnt/c/Users/Arran/Desktop/server/node_modules/node-dht-sensor
332 silly lifecycle node-dht-sensor@0.0.34~install: Args: [ '-c', 'node-gyp configure' ]
333 silly lifecycle node-dht-sensor@0.0.34~install: Returned: code: 0  signal: null
334 silly doSerial postinstall 2
335 silly postinstall nan@2.8.0 /mnt/c/Users/Arran/Desktop/server/node_modules/.staging/nan-bb9bcb52
336 info lifecycle nan@2.8.0~postinstall: nan@2.8.0
337 silly lifecycle nan@2.8.0~postinstall: no script for postinstall, continuing
338 silly postinstall node-dht-sensor@0.0.34 /mnt/c/Users/Arran/Desktop/server/node_modules/.staging/node-dht-sensor-0c5d8235
339 info lifecycle node-dht-sensor@0.0.34~postinstall: node-dht-sensor@0.0.34
340 verbose lifecycle node-dht-sensor@0.0.34~postinstall: unsafe-perm in lifecycle true
341 verbose lifecycle node-dht-sensor@0.0.34~postinstall: PATH: /usr/lib/node_modules/npm/bin/node-gyp-bin:/mnt/c/Users/Arran/Desktop/server/node_modules/node-dht-sensor/node_modules/.bin:/mnt/c/Users/Arran/Desktop/server/node_modules/.bin:/home/arran/bin:/home/arran/.local/bin:/usr/local/sbin:/usr/local/bin:/usr/sbin:/usr/bin:/sbin:/bin:/usr/games:/usr/local/games:/mnt/c/Windows/System32:/mnt/c/Windows:/mnt/c/Windows/System32/wbem:/mnt/c/Windows/System32/WindowsPowerShell/v1.0:/mnt/c/Program Files (x86)/NVIDIA Corporation/PhysX/Common:/mnt/c/Windows/System32:/mnt/c/Windows:/mnt/c/Windows/System32/wbem:/mnt/c/Windows/System32/WindowsPowerShell/v1.0:/mnt/c/Program Files/nodejs:/mnt/c/Program Files/Git/cmd:/mnt/c/Program Files/PuTTY:/mnt/c/Program Files (x86)/Microsoft SQL Server/Client SDK/ODBC/130/Tools/Binn:/mnt/c/Program Files (x86)/Microsoft SQL Server/140/Tools/Binn:/mnt/c/Program Files (x86)/Microsoft SQL Server/140/DTS/Binn:/mnt/c/Program Files (x86)/Microsoft SQL Server/140/Tools/Binn/ManagementStudio:/mnt/c/Ruby25-x64/bin:/mnt/c/Users/Arran/AppData/Local/Microsoft/WindowsApps:/mnt/c/Users/Arran/AppData/Roaming/npm:/mnt/c/Users/Arran/AppData/Local/Programs/MiKTeX 2.9/miktex/bin/x64:/snap/bin
342 verbose lifecycle node-dht-sensor@0.0.34~postinstall: CWD: /mnt/c/Users/Arran/Desktop/server/node_modules/node-dht-sensor
343 silly lifecycle node-dht-sensor@0.0.34~postinstall: Args: [ '-c', 'node-gyp build' ]
344 silly lifecycle node-dht-sensor@0.0.34~postinstall: Returned: code: 1  signal: null
345 info lifecycle node-dht-sensor@0.0.34~postinstall: Failed to exec postinstall script
346 verbose unlock done using /home/arran/.npm/_locks/staging-aa1ec6c5ec8d222a.lock for /mnt/c/Users/Arran/Desktop/server/node_modules/.staging
347 silly rollbackFailedOptional Starting
348 silly rollbackFailedOptional Finishing
349 silly runTopLevelLifecycles Finishing
350 silly install printInstalled
351 warn home-model-server@1.0.0 No description
352 verbose If you need help, you may report this error at:
352 verbose     <https://github.com/npm/npm/issues>
353 verbose stack Error: node-dht-sensor@0.0.34 postinstall: `node-gyp build`
353 verbose stack Exit status 1
353 verbose stack     at EventEmitter.<anonymous> (/usr/lib/node_modules/npm/lib/utils/lifecycle.js:255:16)
353 verbose stack     at emitTwo (events.js:106:13)
353 verbose stack     at EventEmitter.emit (events.js:191:7)
353 verbose stack     at ChildProcess.<anonymous> (/usr/lib/node_modules/npm/lib/utils/spawn.js:40:14)
353 verbose stack     at emitTwo (events.js:106:13)
353 verbose stack     at ChildProcess.emit (events.js:191:7)
353 verbose stack     at maybeClose (internal/child_process.js:920:16)
353 verbose stack     at Process.ChildProcess._handle.onexit (internal/child_process.js:230:5)
354 verbose pkgid node-dht-sensor@0.0.34
355 verbose cwd /mnt/c/Users/Arran/Desktop/server
356 error Linux 4.4.0-43-Microsoft
357 error argv "/usr/bin/node" "/usr/bin/npm" "install" "node-dht-sensor"
358 error node v6.13.0
359 error npm  v3.10.10
360 error code ELIFECYCLE
361 error node-dht-sensor@0.0.34 postinstall: `node-gyp build`
361 error Exit status 1
362 error Failed at the node-dht-sensor@0.0.34 postinstall script 'node-gyp build'.
362 error Make sure you have the latest version of node.js and npm installed.
362 error If you do, this is most likely a problem with the node-dht-sensor package,
362 error not with npm itself.
362 error Tell the author that this fails on your system:
362 error     node-gyp build
362 error You can get information on how to open an issue for this project with:
362 error     npm bugs node-dht-sensor
362 error Or if that isn't available, you can get their info via:
362 error     npm owner ls node-dht-sensor
362 error There is likely additional logging output above.
363 verbose exit [ 1, true ]
